<?xml version="1.0" encoding="UTF-8"?>
<testng-results skipped="0" failed="0" ignored="2" total="3" passed="1">
  <reporter-output>
  </reporter-output>
  <suite name="Surefire suite" duration-ms="13743" started-at="2020-07-16T02:06:01Z" finished-at="2020-07-16T02:06:15Z">
    <groups>
    </groups>
    <test name="Surefire test" duration-ms="13743" started-at="2020-07-16T02:06:01Z" finished-at="2020-07-16T02:06:15Z">
      <class name="com.qa.hubspot.tests.LoginPageTest">
        <test-method status="PASS" signature="setUp()[pri:0, instance:com.qa.hubspot.tests.LoginPageTest@3a320ade]" name="setUp" is-config="true" duration-ms="3218" started-at="2020-07-16T02:06:01Z" finished-at="2020-07-16T02:06:04Z">
          <reporter-output>
          </reporter-output>
        </test-method> <!-- setUp -->
        <test-method status="PASS" signature="verifySignUpLinkTest()[pri:1, instance:com.qa.hubspot.tests.LoginPageTest@3a320ade]" name="verifySignUpLinkTest" duration-ms="10153" started-at="2020-07-16T02:06:04Z" finished-at="2020-07-16T02:06:14Z">
          <reporter-output>
          </reporter-output>
        </test-method> <!-- verifySignUpLinkTest -->
        <test-method status="PASS" signature="tearDown()[pri:0, instance:com.qa.hubspot.tests.LoginPageTest@3a320ade]" name="tearDown" is-config="true" duration-ms="172" started-at="2020-07-16T02:06:15Z" finished-at="2020-07-16T02:06:15Z">
          <reporter-output>
          </reporter-output>
        </test-method> <!-- tearDown -->
      </class> <!-- com.qa.hubspot.tests.LoginPageTest -->
    </test> <!-- Surefire test -->
  </suite> <!-- Surefire suite -->
</testng-results>
