<?xml version="1.0" encoding="UTF-8"?>
<!-- Generated by org.testng.reporters.JUnitXMLReporter -->
<testsuite hostname="Naveen-Mac.local" ignored="1" name="HubSpot Feature Testing - contacts" tests="2" failures="1" timestamp="10 Jul 2020 02:26:49 GMT" time="12.568" errors="0">
  <testcase name="verifyContactsPageTitleTest" time="0.542" classname="com.qa.hubspot.tests.ContactsPageTest"/>
  <testcase name="verifyContactsPageHeader" time="0.814" classname="com.qa.hubspot.tests.ContactsPageTest">
    <failure type="java.lang.AssertionError" message="expected [Contacts] but found [Contacts
-- contacts]">
      <![CDATA[java.lang.AssertionError: expected [Contacts] but found [Contacts
-- contacts]
at com.qa.hubspot.tests.ContactsPageTest.verifyContactsPageHeader(ContactsPageTest.java:36)
... Removed 31 stack frames]]>
    </failure>
  </testcase> <!-- verifyContactsPageHeader -->
  <testcase name="createNewContactTest" time="0.0" classname="com.qa.hubspot.tests.ContactsPageTest">
    <ignored/>
  </testcase> <!-- createNewContactTest -->
</testsuite> <!-- HubSpot Feature Testing - contacts -->
