<?xml version="1.0" encoding="UTF-8"?>
<!-- Generated by org.testng.reporters.JUnitXMLReporter -->
<testsuite hostname="Naveen-Mac.local" ignored="0" name="HubSpot Feature Testing - Login page - chrome" tests="3" failures="0" timestamp="24 Jul 2020 05:29:11 GMT" time="13.708" errors="0">
  <testcase name="verifySignUpLinkTest" time="5.587" classname="com.qa.hubspot.tests.LoginPageTest"/>
  <testcase name="verifyLoginPageTitleTest" time="0.026" classname="com.qa.hubspot.tests.LoginPageTest"/>
  <testcase name="loginTest" time="2.037" classname="com.qa.hubspot.tests.LoginPageTest"/>
</testsuite> <!-- HubSpot Feature Testing - Login page - chrome -->
