<?xml version="1.0" encoding="UTF-8"?>
<!-- Generated by org.testng.reporters.JUnitXMLReporter -->
<testsuite hostname="Naveen-Mac.local" ignored="0" name="HubSpot Feature Testing - login" tests="3" failures="0" timestamp="16 Jul 2020 01:35:42 GMT" time="27.022" errors="0">
  <testcase name="verifySignUpLinkTest" time="10.147" classname="com.qa.hubspot.tests.LoginPageTest"/>
  <testcase name="verifyLoginPageTitleTest" time="5.03" classname="com.qa.hubspot.tests.LoginPageTest"/>
  <testcase name="loginTest" time="5.636" classname="com.qa.hubspot.tests.LoginPageTest"/>
</testsuite> <!-- HubSpot Feature Testing - login -->
