<?xml version="1.0" encoding="UTF-8"?>
<!-- Generated by org.testng.reporters.JUnitXMLReporter -->
<testsuite hostname="Naveen-Mac.local" ignored="1" name="HubSpot Feature Testing - contacts page - firefox" tests="2" failures="1" timestamp="24 Jul 2020 05:29:51 GMT" time="19.659" errors="0">
  <testcase name="verifyContactsPageTitleTest" time="0.518" classname="com.qa.hubspot.tests.ContactsPageTest"/>
  <testcase name="verifyContactsPageHeader" time="2.124" classname="com.qa.hubspot.tests.ContactsPageTest">
    <failure type="java.lang.AssertionError" message="expected [Contacts] but found [Contacts
-- contacts]">
      <![CDATA[java.lang.AssertionError: expected [Contacts] but found [Contacts
-- contacts]
at com.qa.hubspot.tests.ContactsPageTest.verifyContactsPageHeader(ContactsPageTest.java:36)
at java.util.concurrent.FutureTask.run(FutureTask.java:266)
at java.util.concurrent.ThreadPoolExecutor.runWorker(ThreadPoolExecutor.java:1149)
at java.util.concurrent.ThreadPoolExecutor$Worker.run(ThreadPoolExecutor.java:624)
at java.lang.Thread.run(Thread.java:748)
... Removed 22 stack frames]]>
    </failure>
  </testcase> <!-- verifyContactsPageHeader -->
  <testcase name="createNewContactTest" time="0.0" classname="com.qa.hubspot.tests.ContactsPageTest">
    <ignored/>
  </testcase> <!-- createNewContactTest -->
</testsuite> <!-- HubSpot Feature Testing - contacts page - firefox -->
