<?xml version="1.0" encoding="UTF-8"?>
<!-- Generated by org.testng.reporters.JUnitXMLReporter -->
<testsuite hostname="Naveen-Mac.local" ignored="0" name="HubSpot Feature Testing - home page - firefox" tests="3" failures="0" timestamp="24 Jul 2020 05:29:36 GMT" time="17.859" errors="0">
  <testcase name="verifyHomePageHeaderTest" time="5.848" classname="com.qa.hubspot.tests.HomePageTest"/>
  <testcase name="verifyHomePageTitleTest" time="0.019" classname="com.qa.hubspot.tests.HomePageTest"/>
  <testcase name="verifyLoggedInUserTest" time="0.171" classname="com.qa.hubspot.tests.HomePageTest"/>
</testsuite> <!-- HubSpot Feature Testing - home page - firefox -->
