<?xml version="1.0" encoding="UTF-8"?>
<!-- Generated by org.testng.reporters.JUnitXMLReporter -->
<testsuite hostname="Naveen-Mac.local" ignored="0" name="HubSpot Feature Testing - login page - firefox" tests="3" failures="0" timestamp="24 Jul 2020 05:29:28 GMT" time="13.343" errors="0">
  <testcase name="verifySignUpLinkTest" time="4.583" classname="com.qa.hubspot.tests.LoginPageTest"/>
  <testcase name="verifyLoginPageTitleTest" time="0.018" classname="com.qa.hubspot.tests.LoginPageTest"/>
  <testcase name="loginTest" time="0.814" classname="com.qa.hubspot.tests.LoginPageTest"/>
</testsuite> <!-- HubSpot Feature Testing - login page - firefox -->
