<?xml version="1.0" encoding="UTF-8"?>
<!-- Generated by org.testng.reporters.JUnitXMLReporter -->
<testsuite hostname="Naveen-Mac.local" ignored="0" name="HubSpot Feature Testing - chrome" tests="3" failures="0" timestamp="24 Jul 2020 02:23:24 GMT" time="11.168" errors="0">
  <testcase name="verifySignUpLinkTest" time="5.974" classname="com.qa.hubspot.tests.LoginPageTest"/>
  <testcase name="verifyLoginPageTitleTest" time="0.109" classname="com.qa.hubspot.tests.LoginPageTest"/>
  <testcase name="loginTest" time="1.175" classname="com.qa.hubspot.tests.LoginPageTest"/>
</testsuite> <!-- HubSpot Feature Testing - chrome -->
