<?xml version="1.0" encoding="UTF-8"?>
<testng-results skipped="0" failed="0" ignored="0" total="3" passed="3">
  <reporter-output>
  </reporter-output>
  <suite name="Hub spot Test automtion regression suite" duration-ms="27022" started-at="2020-07-16T01:35:10Z" finished-at="2020-07-16T01:35:37Z">
    <groups>
    </groups>
    <test name="HubSpot Feature Testing - login" duration-ms="27022" started-at="2020-07-16T01:35:10Z" finished-at="2020-07-16T01:35:37Z">
      <class name="com.qa.hubspot.tests.LoginPageTest">
        <test-method status="PASS" signature="setUp()[pri:0, instance:com.qa.hubspot.tests.LoginPageTest@11389053]" name="setUp" is-config="true" duration-ms="5912" started-at="2020-07-16T01:35:10Z" finished-at="2020-07-16T01:35:16Z">
          <reporter-output>
          </reporter-output>
        </test-method> <!-- setUp -->
        <test-method status="PASS" signature="verifySignUpLinkTest()[pri:1, instance:com.qa.hubspot.tests.LoginPageTest@11389053]" name="verifySignUpLinkTest" duration-ms="10147" started-at="2020-07-16T01:35:16Z" finished-at="2020-07-16T01:35:26Z">
          <reporter-output>
          </reporter-output>
        </test-method> <!-- verifySignUpLinkTest -->
        <test-method status="PASS" signature="verifyLoginPageTitleTest()[pri:2, instance:com.qa.hubspot.tests.LoginPageTest@11389053]" name="verifyLoginPageTitleTest" duration-ms="5030" started-at="2020-07-16T01:35:26Z" finished-at="2020-07-16T01:35:31Z">
          <reporter-output>
          </reporter-output>
        </test-method> <!-- verifyLoginPageTitleTest -->
        <test-method status="PASS" signature="loginTest()[pri:3, instance:com.qa.hubspot.tests.LoginPageTest@11389053]" name="loginTest" duration-ms="5636" started-at="2020-07-16T01:35:31Z" finished-at="2020-07-16T01:35:37Z">
          <reporter-output>
          </reporter-output>
        </test-method> <!-- loginTest -->
        <test-method status="PASS" signature="tearDown()[pri:0, instance:com.qa.hubspot.tests.LoginPageTest@11389053]" name="tearDown" is-config="true" duration-ms="118" started-at="2020-07-16T01:35:37Z" finished-at="2020-07-16T01:35:37Z">
          <reporter-output>
          </reporter-output>
        </test-method> <!-- tearDown -->
      </class> <!-- com.qa.hubspot.tests.LoginPageTest -->
    </test> <!-- HubSpot Feature Testing - login -->
  </suite> <!-- Hub spot Test automtion regression suite -->
</testng-results>
